
*** Running vivado
    with args -log dist_mem_gen_0.vds -m64 -product Vivado -mode batch -messageDb vivado.pb -notrace -source dist_mem_gen_0.tcl


****** Vivado v2016.3 (64-bit)
  **** SW Build 1682563 on Mon Oct 10 19:07:27 MDT 2016
  **** IP Build 1681267 on Mon Oct 10 21:28:31 MDT 2016
    ** Copyright 1986-2016 Xilinx, Inc. All Rights Reserved.

source dist_mem_gen_0.tcl -notrace
Starting RTL Elaboration : Time (s): cpu = 00:00:09 ; elapsed = 00:00:19 . Memory (MB): peak = 283.695 ; gain = 73.641
INFO: [Synth 8-638] synthesizing module 'dist_mem_gen_0' [e:/project/jizu/CPU3_new/CPU1.srcs/sources_1/ip/dist_mem_gen_0/synth/dist_mem_gen_0.vhd:67]
INFO: [Synth 8-256] done synthesizing module 'dist_mem_gen_0' (4#1) [e:/project/jizu/CPU3_new/CPU1.srcs/sources_1/ip/dist_mem_gen_0/synth/dist_mem_gen_0.vhd:67]
Finished RTL Elaboration : Time (s): cpu = 00:00:12 ; elapsed = 00:00:23 . Memory (MB): peak = 324.492 ; gain = 114.438
Finished RTL Optimization Phase 1 : Time (s): cpu = 00:00:12 ; elapsed = 00:00:24 . Memory (MB): peak = 324.492 ; gain = 114.438
INFO: [Device 21-403] Loading part xc7a35ticpg236-1L
Constraint Validation Runtime : Time (s): cpu = 00:00:00 ; elapsed = 00:00:00.218 . Memory (MB): peak = 563.016 ; gain = 0.000
Finished Constraint Validation : Time (s): cpu = 00:00:25 ; elapsed = 00:00:51 . Memory (MB): peak = 563.016 ; gain = 352.961
Finished Loading Part and Timing Information : Time (s): cpu = 00:00:25 ; elapsed = 00:00:51 . Memory (MB): peak = 563.016 ; gain = 352.961
Finished applying 'set_property' XDC Constraints : Time (s): cpu = 00:00:25 ; elapsed = 00:00:51 . Memory (MB): peak = 563.016 ; gain = 352.961
Finished RTL Optimization Phase 2 : Time (s): cpu = 00:00:25 ; elapsed = 00:00:51 . Memory (MB): peak = 563.016 ; gain = 352.961
Finished Cross Boundary and Area Optimization : Time (s): cpu = 00:00:26 ; elapsed = 00:00:53 . Memory (MB): peak = 563.016 ; gain = 352.961
---------------------------------------------------------------------------------
Start ROM, RAM, DSP and Shift Register Reporting
---------------------------------------------------------------------------------

ROM:
+---------------------+-------------------------------------------------------+---------------+----------------+
|Module Name          | RTL Object                                            | Depth x Width | Implemented As | 
+---------------------+-------------------------------------------------------+---------------+----------------+
|rom                  | rom[127]                                              | 128x32        | LUT            | 
|dist_mem_gen_v8_0_11 | synth_options.dist_mem_inst/gen_rom.rom_inst/rom[127] | 128x32        | LUT            | 
+---------------------+-------------------------------------------------------+---------------+----------------+

---------------------------------------------------------------------------------
Finished ROM, RAM, DSP and Shift Register Reporting
---------------------------------------------------------------------------------
Finished Applying XDC Timing Constraints : Time (s): cpu = 00:00:41 ; elapsed = 00:01:08 . Memory (MB): peak = 563.016 ; gain = 352.961
Finished Timing Optimization : Time (s): cpu = 00:00:41 ; elapsed = 00:01:08 . Memory (MB): peak = 563.016 ; gain = 352.961
Finished Technology Mapping : Time (s): cpu = 00:00:41 ; elapsed = 00:01:08 . Memory (MB): peak = 568.223 ; gain = 358.168
Finished IO Insertion : Time (s): cpu = 00:00:42 ; elapsed = 00:01:09 . Memory (MB): peak = 568.223 ; gain = 358.168
Finished Renaming Generated Instances : Time (s): cpu = 00:00:42 ; elapsed = 00:01:09 . Memory (MB): peak = 568.223 ; gain = 358.168
Finished Rebuilding User Hierarchy : Time (s): cpu = 00:00:42 ; elapsed = 00:01:09 . Memory (MB): peak = 568.223 ; gain = 358.168
Finished Renaming Generated Ports : Time (s): cpu = 00:00:42 ; elapsed = 00:01:09 . Memory (MB): peak = 568.223 ; gain = 358.168
Finished Handling Custom Attributes : Time (s): cpu = 00:00:42 ; elapsed = 00:01:10 . Memory (MB): peak = 568.223 ; gain = 358.168
Finished Renaming Generated Nets : Time (s): cpu = 00:00:42 ; elapsed = 00:01:10 . Memory (MB): peak = 568.223 ; gain = 358.168

Report Cell Usage: 
+------+-----+------+
|      |Cell |Count |
+------+-----+------+
|1     |LUT2 |     1|
|2     |LUT5 |     1|
|3     |LUT6 |    20|
|4     |FDRE |     7|
+------+-----+------+
Finished Writing Synthesis Report : Time (s): cpu = 00:00:42 ; elapsed = 00:01:10 . Memory (MB): peak = 568.223 ; gain = 358.168
synth_design: Time (s): cpu = 00:00:40 ; elapsed = 00:01:02 . Memory (MB): peak = 593.066 ; gain = 383.012
