
*** Running vivado
    with args -log dist_mem_gen_0.vds -m64 -product Vivado -mode batch -messageDb vivado.pb -notrace -source dist_mem_gen_0.tcl


****** Vivado v2016.3 (64-bit)
  **** SW Build 1682563 on Mon Oct 10 19:07:27 MDT 2016
  **** IP Build 1681267 on Mon Oct 10 21:28:31 MDT 2016
    ** Copyright 1986-2016 Xilinx, Inc. All Rights Reserved.

source dist_mem_gen_0.tcl -notrace
Starting RTL Elaboration : Time (s): cpu = 00:00:10 ; elapsed = 00:00:19 . Memory (MB): peak = 284.184 ; gain = 74.199
INFO: [Synth 8-638] synthesizing module 'dist_mem_gen_0' [e:/project/jizu/CPU3_new/CPU1.srcs/sources_1/ip/dist_mem_gen_0/synth/dist_mem_gen_0.vhd:66]
INFO: [Synth 8-256] done synthesizing module 'dist_mem_gen_0' (4#1) [e:/project/jizu/CPU3_new/CPU1.srcs/sources_1/ip/dist_mem_gen_0/synth/dist_mem_gen_0.vhd:66]
Finished RTL Elaboration : Time (s): cpu = 00:00:14 ; elapsed = 00:00:24 . Memory (MB): peak = 327.063 ; gain = 117.078
Finished RTL Optimization Phase 1 : Time (s): cpu = 00:00:14 ; elapsed = 00:00:25 . Memory (MB): peak = 327.063 ; gain = 117.078
INFO: [Device 21-403] Loading part xc7a35ticpg236-1L
Constraint Validation Runtime : Time (s): cpu = 00:00:00 ; elapsed = 00:00:00.178 . Memory (MB): peak = 524.949 ; gain = 0.000
Finished Constraint Validation : Time (s): cpu = 00:00:27 ; elapsed = 00:00:50 . Memory (MB): peak = 524.949 ; gain = 314.965
Finished Loading Part and Timing Information : Time (s): cpu = 00:00:27 ; elapsed = 00:00:50 . Memory (MB): peak = 524.949 ; gain = 314.965
Finished applying 'set_property' XDC Constraints : Time (s): cpu = 00:00:27 ; elapsed = 00:00:50 . Memory (MB): peak = 524.949 ; gain = 314.965
Finished RTL Optimization Phase 2 : Time (s): cpu = 00:00:27 ; elapsed = 00:00:51 . Memory (MB): peak = 524.949 ; gain = 314.965
Finished Cross Boundary and Area Optimization : Time (s): cpu = 00:00:28 ; elapsed = 00:00:52 . Memory (MB): peak = 537.559 ; gain = 327.574
---------------------------------------------------------------------------------
Start ROM, RAM, DSP and Shift Register Reporting
---------------------------------------------------------------------------------

ROM:
+---------------------+-------------------------------------------------------+---------------+----------------+
|Module Name          | RTL Object                                            | Depth x Width | Implemented As | 
+---------------------+-------------------------------------------------------+---------------+----------------+
|rom                  | rom[127]                                              | 128x32        | LUT            | 
|dist_mem_gen_v8_0_11 | synth_options.dist_mem_inst/gen_rom.rom_inst/rom[127] | 128x32        | LUT            | 
+---------------------+-------------------------------------------------------+---------------+----------------+

---------------------------------------------------------------------------------
Finished ROM, RAM, DSP and Shift Register Reporting
---------------------------------------------------------------------------------
Finished Applying XDC Timing Constraints : Time (s): cpu = 00:00:44 ; elapsed = 00:01:08 . Memory (MB): peak = 558.781 ; gain = 348.797
Finished Timing Optimization : Time (s): cpu = 00:00:44 ; elapsed = 00:01:09 . Memory (MB): peak = 558.781 ; gain = 348.797
Finished Technology Mapping : Time (s): cpu = 00:00:44 ; elapsed = 00:01:09 . Memory (MB): peak = 569.434 ; gain = 359.449
Finished IO Insertion : Time (s): cpu = 00:00:45 ; elapsed = 00:01:10 . Memory (MB): peak = 569.434 ; gain = 359.449
Finished Renaming Generated Instances : Time (s): cpu = 00:00:45 ; elapsed = 00:01:10 . Memory (MB): peak = 569.434 ; gain = 359.449
Finished Rebuilding User Hierarchy : Time (s): cpu = 00:00:45 ; elapsed = 00:01:10 . Memory (MB): peak = 569.434 ; gain = 359.449
Finished Renaming Generated Ports : Time (s): cpu = 00:00:45 ; elapsed = 00:01:10 . Memory (MB): peak = 569.434 ; gain = 359.449
Finished Handling Custom Attributes : Time (s): cpu = 00:00:45 ; elapsed = 00:01:10 . Memory (MB): peak = 569.434 ; gain = 359.449
Finished Renaming Generated Nets : Time (s): cpu = 00:00:45 ; elapsed = 00:01:10 . Memory (MB): peak = 569.434 ; gain = 359.449

Report Cell Usage: 
+------+------+------+
|      |Cell  |Count |
+------+------+------+
|1     |LUT2  |     1|
|2     |LUT3  |     4|
|3     |LUT4  |     6|
|4     |LUT5  |     5|
|5     |LUT6  |    29|
|6     |MUXF7 |     4|
+------+------+------+
Finished Writing Synthesis Report : Time (s): cpu = 00:00:45 ; elapsed = 00:01:10 . Memory (MB): peak = 569.434 ; gain = 359.449
synth_design: Time (s): cpu = 00:00:43 ; elapsed = 00:01:02 . Memory (MB): peak = 593.852 ; gain = 383.867
