#-----------------------------------------------------------
# Vivado v2016.3 (64-bit)
# SW Build 1682563 on Mon Oct 10 19:07:27 MDT 2016
# IP Build 1681267 on Mon Oct 10 21:28:31 MDT 2016
# Start of session at: Sat Jun 10 20:51:51 2017
# Process ID: 19796
# Current directory: C:/Users/freedom/Desktop/CPU_showALUres
# Command line: vivado.exe -gui_launcher_event rodinguilauncherevent19324 C:\Users\freedom\Desktop\CPU_showALUres\CPU1.xpr
# Log file: C:/Users/freedom/Desktop/CPU_showALUres/vivado.log
# Journal file: C:/Users/freedom/Desktop/CPU_showALUres\vivado.jou
#-----------------------------------------------------------
start_gui
open_project C:/Users/freedom/Desktop/CPU_showALUres/CPU1.xpr
INFO: [Project 1-313] Project file moved from 'E:/project/jizu/CPU_showALUres' since last save.
Scanning sources...
Finished scanning sources
INFO: [IP_Flow 19-234] Refreshing IP repositories
INFO: [IP_Flow 19-1704] No user IP repositories specified
INFO: [IP_Flow 19-2313] Loaded Vivado IP repository 'D:/Xilinx/Vivado/2016.3/data/ip'.
open_project: Time (s): cpu = 00:00:13 ; elapsed = 00:00:05 . Memory (MB): peak = 775.230 ; gain = 101.625
exit
INFO: [Common 17-206] Exiting Vivado at Sat Jun 10 20:52:45 2017...
