#-----------------------------------------------------------
# Vivado v2016.3 (64-bit)
# SW Build 1682563 on Mon Oct 10 19:07:27 MDT 2016
# IP Build 1681267 on Mon Oct 10 21:28:31 MDT 2016
# Start of session at: Fri Jun 16 00:27:15 2017
# Process ID: 2332
# Current directory: C:/Users/freedom/Desktop/Single_Clock_Cycle_CPU/CPU_showALUres
# Command line: vivado.exe -gui_launcher_event rodinguilauncherevent4120 C:\Users\freedom\Desktop\Single_Clock_Cycle_CPU\CPU_showALUres\CPU1.xpr
# Log file: C:/Users/freedom/Desktop/Single_Clock_Cycle_CPU/CPU_showALUres/vivado.log
# Journal file: C:/Users/freedom/Desktop/Single_Clock_Cycle_CPU/CPU_showALUres\vivado.jou
#-----------------------------------------------------------
start_gui
open_project C:/Users/freedom/Desktop/Single_Clock_Cycle_CPU/CPU_showALUres/CPU1.xpr
Scanning sources...
Finished scanning sources
INFO: [IP_Flow 19-234] Refreshing IP repositories
INFO: [IP_Flow 19-1704] No user IP repositories specified
INFO: [IP_Flow 19-2313] Loaded Vivado IP repository 'D:/Xilinx/Vivado/2016.3/data/ip'.
open_project: Time (s): cpu = 00:00:13 ; elapsed = 00:00:21 . Memory (MB): peak = 730.168 ; gain = 111.488
exit
INFO: [Common 17-206] Exiting Vivado at Fri Jun 16 00:36:49 2017...
