INFO: [VRFC 10-2263] Analyzing Verilog file "C:/Users/freedom/Desktop/Single_Clock_Cycle_CPU/CPU_showALUres/CPU1.srcs/sources_1/ip/irom_1/sim/irom.v" into library xil_defaultlib
INFO: [VRFC 10-311] analyzing module irom
INFO: [VRFC 10-2263] Analyzing Verilog file "C:/Users/freedom/Desktop/Single_Clock_Cycle_CPU/CPU_showALUres/CPU1.srcs/sources_1/ip/dram/sim/dram.v" into library xil_defaultlib
INFO: [VRFC 10-311] analyzing module dram
INFO: [VRFC 10-2263] Analyzing Verilog file "C:/Users/freedom/Desktop/Single_Clock_Cycle_CPU/CPU_showALUres/CPU1.srcs/sources_1/new/ctr.v" into library xil_defaultlib
INFO: [VRFC 10-311] analyzing module ctr
INFO: [VRFC 10-2263] Analyzing Verilog file "C:/Users/freedom/Desktop/Single_Clock_Cycle_CPU/CPU_showALUres/CPU1.srcs/sources_1/new/smg_ip_model.v" into library xil_defaultlib
INFO: [VRFC 10-311] analyzing module smg_ip_model
INFO: [VRFC 10-2263] Analyzing Verilog file "C:/Users/freedom/Desktop/Single_Clock_Cycle_CPU/CPU_showALUres/CPU1.srcs/sources_1/new/signext.v" into library xil_defaultlib
INFO: [VRFC 10-311] analyzing module signext
INFO: [VRFC 10-2263] Analyzing Verilog file "C:/Users/freedom/Desktop/Single_Clock_Cycle_CPU/CPU_showALUres/CPU1.srcs/sources_1/new/regFile.v" into library xil_defaultlib
INFO: [VRFC 10-311] analyzing module regFile
INFO: [VRFC 10-2263] Analyzing Verilog file "C:/Users/freedom/Desktop/Single_Clock_Cycle_CPU/CPU_showALUres/CPU1.srcs/sources_1/new/aluctr.v" into library xil_defaultlib
INFO: [VRFC 10-311] analyzing module aluctr
INFO: [VRFC 10-2263] Analyzing Verilog file "C:/Users/freedom/Desktop/Single_Clock_Cycle_CPU/CPU_showALUres/CPU1.srcs/sources_1/new/alu.v" into library xil_defaultlib
INFO: [VRFC 10-311] analyzing module alu
INFO: [VRFC 10-2263] Analyzing Verilog file "C:/Users/freedom/Desktop/Single_Clock_Cycle_CPU/CPU_showALUres/CPU1.srcs/sources_1/new/top.v" into library xil_defaultlib
INFO: [VRFC 10-311] analyzing module top
INFO: [VRFC 10-2263] Analyzing Verilog file "C:/Users/freedom/Desktop/Single_Clock_Cycle_CPU/CPU_showALUres/CPU1.srcs/sim_1/new/topsim.v" into library xil_defaultlib
INFO: [VRFC 10-311] analyzing module topsim
INFO: [VRFC 10-2263] Analyzing Verilog file "C:/Users/freedom/Desktop/Single_Clock_Cycle_CPU/CPU_showALUres/CPU1.sim/sim_1/behav/glbl.v" into library xil_defaultlib
INFO: [VRFC 10-311] analyzing module glbl
