#-----------------------------------------------------------
# Vivado v2016.3 (64-bit)
# SW Build 1682563 on Mon Oct 10 19:07:27 MDT 2016
# IP Build 1681267 on Mon Oct 10 21:28:31 MDT 2016
# Start of session at: Tue Jun 06 14:38:38 2017
# Process ID: 4268
# Current directory: C:/Users/freedom/Desktop/CPU/SingleCPU
# Command line: vivado.exe -gui_launcher_event rodinguilauncherevent3424 C:\Users\freedom\Desktop\CPU\SingleCPU\SingleCPU.xpr
# Log file: C:/Users/freedom/Desktop/CPU/SingleCPU/vivado.log
# Journal file: C:/Users/freedom/Desktop/CPU/SingleCPU\vivado.jou
#-----------------------------------------------------------
start_gui
open_project C:/Users/freedom/Desktop/CPU/SingleCPU/SingleCPU.xpr
Scanning sources...
Finished scanning sources
WARNING: [filemgmt 56-3] IP Output Repository Path: Could not find the directory 'C:/Users/freedom/Desktop/CPU/SingleCPU/SingleCPU.cache/ip'.
INFO: [IP_Flow 19-234] Refreshing IP repositories
INFO: [IP_Flow 19-1704] No user IP repositories specified
INFO: [IP_Flow 19-2313] Loaded Vivado IP repository 'D:/Xilinx/Vivado/2016.3/data/ip'.
open_project: Time (s): cpu = 00:00:10 ; elapsed = 00:00:36 . Memory (MB): peak = 696.004 ; gain = 80.547
close [ open C:/Users/freedom/Desktop/CPU/SingleCPU/SingleCPU.srcs/sources_1/new/signext.v w ]
add_files C:/Users/freedom/Desktop/CPU/SingleCPU/SingleCPU.srcs/sources_1/new/signext.v
close [ open C:/Users/freedom/Desktop/CPU/SingleCPU/SingleCPU.srcs/sources_1/new/rom.v w ]
add_files C:/Users/freedom/Desktop/CPU/SingleCPU/SingleCPU.srcs/sources_1/new/rom.v
exit
INFO: [Common 17-206] Exiting Vivado at Tue Jun 06 15:19:21 2017...
