Exception at PC 0x00007FFB1CAB3C58
Exception at PC 0x00007FFB1CAB3C58
Exception at PC 0x00007FFB1CAB3C58
Exception at PC 0x00007FFB1CAB3C58
Exception at PC 0x00007FFB1CAB3C58
Exception at PC 0x00007FFB1CAB3C58
Exception at PC 0x00007FFB1CAB3C58
Exception at PC 0x00007FFB1CAB3C58
Exception at PC 0x00007FFB1CAB3C58
Exception at PC 0x00007FFB1CAB3C58
Unable to capture context for thread 3656 in process 6808, can not generate back trace
Unable to capture context for thread 14476 in process 6808, can not generate back trace
Exception at PC 0x00007FFAC147BB93
Printing stacktrace...

Unable to capture context for thread 3656 in process 6808, can not generate back trace
Unable to capture context for thread 14476 in process 6808, can not generate back trace
Exception at PC 0x00007FFB1CAB3C58
Unable to capture context for thread 15044 in process 6808, can not generate back trace
Exception at PC 0x00007FFB1CAB3C58
Exception at PC 0x00007FFB1CAB3C58
Exception at PC 0x00007FFB1CAB3C58
Exception at PC 0x00007FFB1CAB3C58
Exception at PC 0x00007FFB1CAB3C58
Exception at PC 0x00007FFB1CAB3C58
Exception at PC 0x00007FFB1CAB3C58
Exception at PC 0x00007FFB1CAB3C58
Exception at PC 0x00007FFB1CAB3C58
Exception at PC 0x00007FFB1CAB3C58
Exception at PC 0x00007FFB1CAB3C58
Exception at PC 0x00007FFB1CAB3C58
Exception at PC 0x00007FFB1CAB3C58
Exception at PC 0x00007FFB1CAB3C58
Exception at PC 0x00007FFB1CAB3C58
Exception at PC 0x00007FFB1CAB3C58
[0]  [0x00007FFAC147BB93]
[1]  [0x00007FFAC147BB93]
[2]  [0x00007FFAC147B4A1]
[3]  [0x00007FFAC147B3EF]
[4]  [0x00007FFAC14619FE]
[5]  [0x00007FFAC1460ED1]
[6]  [0x00007FFAC1460D76]
[7]  [0x00007FFAC14079F6]
[8]  [0x00007FFAC13F7AFB]
[9]  [0x00007FFAC151E90A]
[10]  [0x00007FFAC1539F87]
[11]  [0x00007FFAC153A05F]
[12] (BaseThreadInitThunk+0x14) [0x00007FFB1DF58364]
[13] (RtlUserThreadStart+0x21) [0x00007FFB205E70D1]
Done
Exception at PC 0x00007FFB1CAB3C58
Exception at PC 0x00007FFB1CAB3C58
