
*** Running vivado
    with args -log dist_mem_gen_0.vds -m64 -product Vivado -mode batch -messageDb vivado.pb -notrace -source dist_mem_gen_0.tcl


****** Vivado v2016.3 (64-bit)
  **** SW Build 1682563 on Mon Oct 10 19:07:27 MDT 2016
  **** IP Build 1681267 on Mon Oct 10 21:28:31 MDT 2016
    ** Copyright 1986-2016 Xilinx, Inc. All Rights Reserved.

source dist_mem_gen_0.tcl -notrace
Starting RTL Elaboration : Time (s): cpu = 00:00:12 ; elapsed = 00:00:15 . Memory (MB): peak = 284.531 ; gain = 74.379
INFO: [Synth 8-638] synthesizing module 'dist_mem_gen_0' [e:/project/jizu/CPU_showALUres/CPU1.srcs/sources_1/ip/dist_mem_gen_0/synth/dist_mem_gen_0.vhd:67]
INFO: [Synth 8-256] done synthesizing module 'dist_mem_gen_0' (4#1) [e:/project/jizu/CPU_showALUres/CPU1.srcs/sources_1/ip/dist_mem_gen_0/synth/dist_mem_gen_0.vhd:67]
Finished RTL Elaboration : Time (s): cpu = 00:00:17 ; elapsed = 00:00:21 . Memory (MB): peak = 332.371 ; gain = 122.219
Finished RTL Optimization Phase 1 : Time (s): cpu = 00:00:17 ; elapsed = 00:00:21 . Memory (MB): peak = 332.371 ; gain = 122.219
INFO: [Device 21-403] Loading part xc7a35ticpg236-1L
Constraint Validation Runtime : Time (s): cpu = 00:00:00 ; elapsed = 00:00:00.233 . Memory (MB): peak = 563.766 ; gain = 0.000
Finished Constraint Validation : Time (s): cpu = 00:00:34 ; elapsed = 00:00:44 . Memory (MB): peak = 563.766 ; gain = 353.613
Finished Loading Part and Timing Information : Time (s): cpu = 00:00:34 ; elapsed = 00:00:45 . Memory (MB): peak = 563.766 ; gain = 353.613
Finished applying 'set_property' XDC Constraints : Time (s): cpu = 00:00:34 ; elapsed = 00:00:45 . Memory (MB): peak = 563.766 ; gain = 353.613
Finished RTL Optimization Phase 2 : Time (s): cpu = 00:00:34 ; elapsed = 00:00:45 . Memory (MB): peak = 563.766 ; gain = 353.613
Finished Cross Boundary and Area Optimization : Time (s): cpu = 00:00:36 ; elapsed = 00:00:47 . Memory (MB): peak = 563.766 ; gain = 353.613
---------------------------------------------------------------------------------
Start ROM, RAM, DSP and Shift Register Reporting
---------------------------------------------------------------------------------

ROM:
+---------------------+-------------------------------------------------------+---------------+----------------+
|Module Name          | RTL Object                                            | Depth x Width | Implemented As | 
+---------------------+-------------------------------------------------------+---------------+----------------+
|rom                  | rom[127]                                              | 128x32        | LUT            | 
|dist_mem_gen_v8_0_11 | synth_options.dist_mem_inst/gen_rom.rom_inst/rom[127] | 128x32        | LUT            | 
+---------------------+-------------------------------------------------------+---------------+----------------+

---------------------------------------------------------------------------------
Finished ROM, RAM, DSP and Shift Register Reporting
---------------------------------------------------------------------------------
Finished Applying XDC Timing Constraints : Time (s): cpu = 00:00:54 ; elapsed = 00:01:06 . Memory (MB): peak = 563.766 ; gain = 353.613
Finished Timing Optimization : Time (s): cpu = 00:00:54 ; elapsed = 00:01:06 . Memory (MB): peak = 563.766 ; gain = 353.613
Finished Technology Mapping : Time (s): cpu = 00:00:55 ; elapsed = 00:01:06 . Memory (MB): peak = 572.895 ; gain = 362.742
Finished IO Insertion : Time (s): cpu = 00:00:56 ; elapsed = 00:01:07 . Memory (MB): peak = 572.895 ; gain = 362.742
Finished Renaming Generated Instances : Time (s): cpu = 00:00:56 ; elapsed = 00:01:07 . Memory (MB): peak = 572.895 ; gain = 362.742
Finished Rebuilding User Hierarchy : Time (s): cpu = 00:00:56 ; elapsed = 00:01:07 . Memory (MB): peak = 572.895 ; gain = 362.742
Finished Renaming Generated Ports : Time (s): cpu = 00:00:56 ; elapsed = 00:01:07 . Memory (MB): peak = 572.895 ; gain = 362.742
Finished Handling Custom Attributes : Time (s): cpu = 00:00:56 ; elapsed = 00:01:07 . Memory (MB): peak = 572.895 ; gain = 362.742
Finished Renaming Generated Nets : Time (s): cpu = 00:00:56 ; elapsed = 00:01:07 . Memory (MB): peak = 572.895 ; gain = 362.742

Report Cell Usage: 
+------+-----+------+
|      |Cell |Count |
+------+-----+------+
|1     |LUT2 |    29|
|2     |LUT6 |    30|
|3     |FDRE |     7|
+------+-----+------+
Finished Writing Synthesis Report : Time (s): cpu = 00:00:56 ; elapsed = 00:01:07 . Memory (MB): peak = 572.895 ; gain = 362.742
synth_design: Time (s): cpu = 00:00:54 ; elapsed = 00:01:05 . Memory (MB): peak = 594.340 ; gain = 384.188
