
*** Running vivado
    with args -log irom.vds -m64 -product Vivado -mode batch -messageDb vivado.pb -notrace -source irom.tcl


****** Vivado v2016.3 (64-bit)
  **** SW Build 1682563 on Mon Oct 10 19:07:27 MDT 2016
  **** IP Build 1681267 on Mon Oct 10 21:28:31 MDT 2016
    ** Copyright 1986-2016 Xilinx, Inc. All Rights Reserved.

source irom.tcl -notrace
Starting RTL Elaboration : Time (s): cpu = 00:00:07 ; elapsed = 00:00:26 . Memory (MB): peak = 291.930 ; gain = 82.223
INFO: [Synth 8-638] synthesizing module 'irom' [c:/Users/freedom/Desktop/Single_Clock_Cycle_CPU/CPU_showALUres/CPU1.srcs/sources_1/ip/irom_1/synth/irom.vhd:67]
INFO: [Synth 8-256] done synthesizing module 'irom' (4#1) [c:/Users/freedom/Desktop/Single_Clock_Cycle_CPU/CPU_showALUres/CPU1.srcs/sources_1/ip/irom_1/synth/irom.vhd:67]
Finished RTL Elaboration : Time (s): cpu = 00:00:08 ; elapsed = 00:00:28 . Memory (MB): peak = 330.922 ; gain = 121.215
Finished RTL Optimization Phase 1 : Time (s): cpu = 00:00:08 ; elapsed = 00:00:28 . Memory (MB): peak = 330.922 ; gain = 121.215
INFO: [Device 21-403] Loading part xc7a35ticpg236-1L
Constraint Validation Runtime : Time (s): cpu = 00:00:00 ; elapsed = 00:00:00.266 . Memory (MB): peak = 571.145 ; gain = 0.000
Finished Constraint Validation : Time (s): cpu = 00:00:16 ; elapsed = 00:00:42 . Memory (MB): peak = 571.145 ; gain = 361.438
Finished Loading Part and Timing Information : Time (s): cpu = 00:00:16 ; elapsed = 00:00:42 . Memory (MB): peak = 571.145 ; gain = 361.438
Finished applying 'set_property' XDC Constraints : Time (s): cpu = 00:00:16 ; elapsed = 00:00:42 . Memory (MB): peak = 571.145 ; gain = 361.438
Finished RTL Optimization Phase 2 : Time (s): cpu = 00:00:16 ; elapsed = 00:00:42 . Memory (MB): peak = 571.145 ; gain = 361.438
Finished Cross Boundary and Area Optimization : Time (s): cpu = 00:00:17 ; elapsed = 00:00:43 . Memory (MB): peak = 571.145 ; gain = 361.438
---------------------------------------------------------------------------------
Start ROM, RAM, DSP and Shift Register Reporting
---------------------------------------------------------------------------------

ROM:
+---------------------+-------------------------------------------------------+---------------+----------------+
|Module Name          | RTL Object                                            | Depth x Width | Implemented As | 
+---------------------+-------------------------------------------------------+---------------+----------------+
|rom                  | rom[127]                                              | 128x32        | LUT            | 
|dist_mem_gen_v8_0_11 | synth_options.dist_mem_inst/gen_rom.rom_inst/rom[127] | 128x32        | LUT            | 
+---------------------+-------------------------------------------------------+---------------+----------------+

---------------------------------------------------------------------------------
Finished ROM, RAM, DSP and Shift Register Reporting
---------------------------------------------------------------------------------
Finished Applying XDC Timing Constraints : Time (s): cpu = 00:00:26 ; elapsed = 00:00:52 . Memory (MB): peak = 571.145 ; gain = 361.438
Finished Timing Optimization : Time (s): cpu = 00:00:26 ; elapsed = 00:00:52 . Memory (MB): peak = 571.145 ; gain = 361.438
Finished Technology Mapping : Time (s): cpu = 00:00:26 ; elapsed = 00:00:53 . Memory (MB): peak = 577.230 ; gain = 367.523
Finished IO Insertion : Time (s): cpu = 00:00:26 ; elapsed = 00:00:53 . Memory (MB): peak = 577.230 ; gain = 367.523
Finished Renaming Generated Instances : Time (s): cpu = 00:00:26 ; elapsed = 00:00:53 . Memory (MB): peak = 577.230 ; gain = 367.523
Finished Rebuilding User Hierarchy : Time (s): cpu = 00:00:26 ; elapsed = 00:00:53 . Memory (MB): peak = 577.230 ; gain = 367.523
Finished Renaming Generated Ports : Time (s): cpu = 00:00:26 ; elapsed = 00:00:53 . Memory (MB): peak = 577.230 ; gain = 367.523
Finished Handling Custom Attributes : Time (s): cpu = 00:00:26 ; elapsed = 00:00:53 . Memory (MB): peak = 577.230 ; gain = 367.523
Finished Renaming Generated Nets : Time (s): cpu = 00:00:26 ; elapsed = 00:00:53 . Memory (MB): peak = 577.230 ; gain = 367.523

Report Cell Usage: 
+------+-----+------+
|      |Cell |Count |
+------+-----+------+
|1     |LUT2 |     1|
|2     |LUT6 |    22|
|3     |FDRE |     7|
+------+-----+------+
Finished Writing Synthesis Report : Time (s): cpu = 00:00:26 ; elapsed = 00:00:53 . Memory (MB): peak = 577.230 ; gain = 367.523
synth_design: Time (s): cpu = 00:00:25 ; elapsed = 00:00:35 . Memory (MB): peak = 602.066 ; gain = 386.844
